#
# A fatal error has been detected by the Java Runtime Environment:
#
#  Internal Error (javaCalls.cpp:35), pid=3319, tid=2953654272
#  guarantee(thread->is_Java_thread()) failed: crucial check - the VM thread cannot and must not escape to Java code
#
# JRE version: 6.0_03
# Java VM: Dynamic Code Evolution Server VM (0.2-b02-internal, 19.0-b02 mixed mode bsd-x86 )
# If you would like to submit a bug report, please visit:
#   http://ssw.jku.at/dcevm/bugreport/
#

---------------  T H R E A D  ---------------

Current thread (0x02019400):  VMThread [stack: 0xb0053000,0xb00d3000] [id=-1341313024]

Stack: [0xb0053000,0xb00d3000],  sp=0xb00d1b50,  free space=1fab00d1af0k
Native frames: (J=compiled Java code, j=interpreted, Vv=VM code, C=native code)
V  [libjvm.dylib+0x6fced5]
V  [libjvm.dylib+0x2732b8]
V  [libjvm.dylib+0x38dcfc]
V  [libjvm.dylib+0x38e0cc]
V  [libjvm.dylib+0x594521]
V  [libjvm.dylib+0x38e762]
V  [libjvm.dylib+0x2d7b75]
V  [libjvm.dylib+0x2d7dc8]
V  [libjvm.dylib+0x2d7e59]
V  [libjvm.dylib+0x3197e9]
V  [libjvm.dylib+0x319827]
V  [libjvm.dylib+0x3201ba]
V  [libjvm.dylib+0x320b39]
V  [libjvm.dylib+0x320e49]
V  [libjvm.dylib+0x58f288]
V  [libjvm.dylib+0x59006f]
V  [libjvm.dylib+0x5902c2]
V  [libjvm.dylib+0x357e65]
V  [libjvm.dylib+0x563e56]
V  [libjvm.dylib+0x6f36ca]
V  [libjvm.dylib+0x49515c]
V  [libjvm.dylib+0x703b55]
V  [libjvm.dylib+0x7021bd]
V  [libjvm.dylib+0x702fc2]
V  [libjvm.dylib+0x70317c]
V  [libjvm.dylib+0x597f55]
C  [libsystem_pthread.dylib+0x2ecf]  _pthread_body+0x8a
C  [libsystem_pthread.dylib+0x2e45]  _pthread_body+0x0
C  [libsystem_pthread.dylib+0xf0e]  thread_start+0x22

VM_Operation (0xb021a8b0): GetOrSetLocal, mode: safepoint, requested by thread 0x02834400


---------------  P R O C E S S  ---------------

Java Threads: ( => current thread )
  0x1cd10000 JavaThread "JS executor for com.gargoylesoftware.htmlunit.WebClient@198b330" daemon [_thread_blocked, id=-1334341632, stack(0xb0729000,0xb0779000)]
  0x1c397c00 JavaThread "JS executor for com.gargoylesoftware.htmlunit.WebClient@a80281" daemon [_thread_blocked, id=-1335013376, stack(0xb0685000,0xb06d5000)]
  0x0098f800 JavaThread "com.mchange.v2.async.ThreadPoolAsynchronousRunner$PoolThread-#2" daemon [_thread_blocked, id=-1335349248, stack(0xb0633000,0xb0683000)]
  0x029eb800 JavaThread "com.mchange.v2.async.ThreadPoolAsynchronousRunner$PoolThread-#1" daemon [_thread_blocked, id=-1335685120, stack(0xb05e1000,0xb0631000)]
  0x19234c00 JavaThread "com.mchange.v2.async.ThreadPoolAsynchronousRunner$PoolThread-#0" daemon [_thread_blocked, id=-1336020992, stack(0xb058f000,0xb05df000)]
  0x02365400 JavaThread "Timer-0" daemon [_thread_blocked, id=-1336356864, stack(0xb053d000,0xb058d000)]
  0x190fcc00 JavaThread "Abandoned connection cleanup thread" daemon [_thread_blocked, id=-1336692736, stack(0xb04eb000,0xb053b000)]
  0x020c7800 JavaThread "ReaderThread" [_thread_in_native, id=-1337028608, stack(0xb0499000,0xb04e9000)]
  0x00808800 JavaThread "Low Memory Detector" daemon [_thread_blocked, id=-1337896960, stack(0xb03c5000,0xb0415000)]
  0x02022400 JavaThread "CompilerThread1" daemon [_thread_blocked, id=-1338232832, stack(0xb0343000,0xb03c3000)]
  0x00807c00 JavaThread "CompilerThread0" daemon [_thread_blocked, id=-1338765312, stack(0xb02c1000,0xb0341000)]
  0x00806c00 JavaThread "JDWP Command Reader" daemon [_thread_in_native, id=-1339297792, stack(0xb026f000,0xb02bf000)]
  0x02833800 JavaThread "JDWP Event Helper Thread" daemon [_thread_blocked, id=-1339633664, stack(0xb021d000,0xb026d000)]
  0x02834400 JavaThread "JDWP Transport Listener: dt_socket" daemon [_thread_blocked, id=-1339969536, stack(0xb01cb000,0xb021b000)]
  0x02026c00 JavaThread "Signal Dispatcher" daemon [_thread_blocked, id=-1340305408, stack(0xb0179000,0xb01c9000)]
  0x00802800 JavaThread "Finalizer" daemon [_thread_blocked, id=-1340641280, stack(0xb0127000,0xb0177000)]
  0x00801c00 JavaThread "Reference Handler" daemon [_thread_blocked, id=-1340977152, stack(0xb00d5000,0xb0125000)]
  0x02800000 JavaThread "main" [_thread_blocked, id=-1341845504, stack(0xb0001000,0xb0051000)]

Other Threads:
=>0x02019400 VMThread [stack: 0xb0053000,0xb00d3000] [id=-1341313024]
  0x00816c00 WatcherThread [stack: 0xb0417000,0xb0497000] [id=-1337364480]

VM state:at safepoint (normal execution)

VM Mutex/Monitor currently owned by a thread:  ([mutex/lock_event])
[0x00302710] Threads_lock - owner thread: 0x02019400

Heap
 def new generation   total 16960K, used 8000K [0x06000000, 0x07260000, 0x0ae00000)
  eden space 15104K,  40% used [0x06000000, 0x06600138, 0x06ec0000)
  from space 1856K, 100% used [0x07090000, 0x07260000, 0x07260000)
  to   space 1856K,   0% used [0x06ec0000, 0x06ec0000, 0x07090000)
 tenured generation   total 37584K, used 23058K [0x0ae00000, 0x0d2b4000, 0x14a00000)
   the space 37584K,  61% used [0x0ae00000, 0x0c484998, 0x0c484a00, 0x0d2b4000)
 compacting perm gen  total 29952K, used 29843K [0x14a00000, 0x16740000, 0x18a00000)
   the space 29952K,  99% used [0x14a00000, 0x16724f50, 0x16725000, 0x16740000)
No shared spaces configured.

Dynamic libraries:
0x00000000 	/usr/lib/libSystem.B.dylib
0x00000000 	/usr/lib/system/libcache.dylib
0x00000000 	/usr/lib/system/libcommonCrypto.dylib
0x00000000 	/usr/lib/system/libcompiler_rt.dylib
0x00000000 	/usr/lib/system/libcopyfile.dylib
0x00000000 	/usr/lib/system/libcorecrypto.dylib
0x00000000 	/usr/lib/system/libdispatch.dylib
0x00000000 	/usr/lib/system/libdyld.dylib
0x00000000 	/usr/lib/system/libkeymgr.dylib
0x00000000 	/usr/lib/system/liblaunch.dylib
0x00000000 	/usr/lib/system/libmacho.dylib
0x00000000 	/usr/lib/system/libquarantine.dylib
0x00000000 	/usr/lib/system/libremovefile.dylib
0x00000000 	/usr/lib/system/libsystem_asl.dylib
0x00000000 	/usr/lib/system/libsystem_blocks.dylib
0x00000000 	/usr/lib/system/libsystem_c.dylib
0x00000000 	/usr/lib/system/libsystem_configuration.dylib
0x00000000 	/usr/lib/system/libsystem_coreservices.dylib
0x00000000 	/usr/lib/system/libsystem_coretls.dylib
0x00000000 	/usr/lib/system/libsystem_dnssd.dylib
0x00000000 	/usr/lib/system/libsystem_info.dylib
0x00000000 	/usr/lib/system/libsystem_kernel.dylib
0x00000000 	/usr/lib/system/libsystem_m.dylib
0x00000000 	/usr/lib/system/libsystem_malloc.dylib
0x00000000 	/usr/lib/system/libsystem_network.dylib
0x00000000 	/usr/lib/system/libsystem_networkextension.dylib
0x00000000 	/usr/lib/system/libsystem_notify.dylib
0x00000000 	/usr/lib/system/libsystem_platform.dylib
0x00000000 	/usr/lib/system/libsystem_pthread.dylib
0x00000000 	/usr/lib/system/libsystem_sandbox.dylib
0x00000000 	/usr/lib/system/libsystem_secinit.dylib
0x00000000 	/usr/lib/system/libsystem_trace.dylib
0x00000000 	/usr/lib/system/libunc.dylib
0x00000000 	/usr/lib/system/libunwind.dylib
0x00000000 	/usr/lib/system/libxpc.dylib
0x01000000 	/Library/Java/JavaVirtualMachines/soylatte16-i386-1.0.3/jre/lib/i386/server/libjvm.dylib
0x00000000 	/usr/lib/libstdc++.6.dylib
0x00000000 	/usr/lib/libc++abi.dylib
0x0003e000 	/Library/Java/JavaVirtualMachines/soylatte16-i386-1.0.3/jre/lib/i386/libverify.dylib
0x0004e000 	/Library/Java/JavaVirtualMachines/soylatte16-i386-1.0.3/jre/lib/i386/libjava.dylib
0x0007c000 	/Library/Java/JavaVirtualMachines/soylatte16-i386-1.0.3/jre/lib/i386/native_threads/libhpi.dylib
0x00087000 	/Library/Java/JavaVirtualMachines/soylatte16-i386-1.0.3/jre/lib/i386/libjdwp.dylib
0x000d3000 	/Library/Java/JavaVirtualMachines/soylatte16-i386-1.0.3/jre/lib/i386/libnpt.dylib
0x00000000 	/usr/lib/libiconv.2.dylib
0x000e2000 	/Library/Java/JavaVirtualMachines/soylatte16-i386-1.0.3/jre/lib/i386/libzip.dylib
0x00000000 	/usr/lib/libz.1.dylib
0x000ed000 	/Library/Java/JavaVirtualMachines/soylatte16-i386-1.0.3/jre/lib/i386/libdt_socket.dylib
0x18a52000 	/Library/Java/JavaVirtualMachines/soylatte16-i386-1.0.3/jre/lib/i386/libnet.dylib
0x18a6a000 	/Library/Java/JavaVirtualMachines/soylatte16-i386-1.0.3/jre/lib/i386/libmanagement.dylib

VM Arguments:
jvm_args: -agentlib:jdwp=transport=dt_socket,suspend=y,address=localhost:51493 -Dfile.encoding=UTF-8 
java_command: org.eclipse.jdt.internal.junit.runner.RemoteTestRunner -version 3 -port 51492 -testLoaderClass org.eclipse.jdt.internal.junit4.runner.JUnit4TestLoader -loaderpluginname org.eclipse.jdt.junit4.runtime -classNames com.company.priceengine.CrossCheckBulkFacadeTest
Launcher Type: SUN_STANDARD

Environment Variables:
PATH=/usr/bin:/bin:/usr/sbin:/sbin
SHELL=/bin/bash
DYLD_LIBRARY_PATH=/Library/Java/JavaVirtualMachines/soylatte16-i386-1.0.3/jre/lib/i386/server:/Library/Java/JavaVirtualMachines/soylatte16-i386-1.0.3/jre/lib/i386:/Library/Java/JavaVirtualMachines/soylatte16-i386-1.0.3/jre/../lib/i386

Signal Handlers:
SIGSEGV: [libjvm.dylib+0x6fd8e0], sa_mask[0]=0xfffefeff, sa_flags=0x00000042
SIGBUS: [libjvm.dylib+0x6fd8e0], sa_mask[0]=0xfffefeff, sa_flags=0x00000042
SIGFPE: [libjvm.dylib+0x5942f0], sa_mask[0]=0xfffefeff, sa_flags=0x00000042
SIGPIPE: [libjvm.dylib+0x5942f0], sa_mask[0]=0xfffefeff, sa_flags=0x00000042
SIGXFSZ: [libjvm.dylib+0x5942f0], sa_mask[0]=0xfffefeff, sa_flags=0x00000042
SIGILL: [libjvm.dylib+0x5942f0], sa_mask[0]=0xfffefeff, sa_flags=0x00000042
SIGUSR1: SIG_DFL, sa_mask[0]=0x00000000, sa_flags=0x00000000
SIGUSR2: [libjvm.dylib+0x5954d0], sa_mask[0]=0x00000004, sa_flags=0x00000042
SIGHUP: [libjvm.dylib+0x596d00], sa_mask[0]=0xfffefeff, sa_flags=0x00000042
SIGINT: [libjvm.dylib+0x596d00], sa_mask[0]=0xfffefeff, sa_flags=0x00000042
SIGTERM: [libjvm.dylib+0x596d00], sa_mask[0]=0xfffefeff, sa_flags=0x00000042
SIGQUIT: [libjvm.dylib+0x596d00], sa_mask[0]=0xfffefeff, sa_flags=0x00000042


---------------  S Y S T E M  ---------------

OS:Bsd
uname:Darwin 14.0.0 Darwin Kernel Version 14.0.0: Fri Sep 19 00:26:44 PDT 2014; root:xnu-2782.1.97~2/RELEASE_X86_64 x86_64
rlimit: STACK 8192k, CORE 0k, NPROC 709, NOFILE 10240
CPU:total 4 (2 cores per cpu, 2 threads per core) family 6 model 37 stepping 5, cmov, cx8, fxsr, mmx, sse, sse2, sse3, ssse3, sse4.1, sse4.2, popcnt, ht

Memory: 4k page, physical 954896k(238724k free)

vm_info: Dynamic Code Evolution Server VM (0.2-b02-internal, 19.0-b02) for bsd-x86 JRE (1.7.0-internal-thomas_2010_07_14_21_18-b00), built on Aug  4 2010 00:35:57 by "thomas" with gcc 4.0.1 (Apple Inc. build 5493)

time: Fri Apr 10 18:29:23 2015
elapsed time: 70 seconds

